ERROR - 2024-07-12 09:30:39 --> mysqli_sql_exception: Table 'db_devphp.menus' doesn't exist in C:\xampp\htdocs\phpdevtest-main\system\Database\MySQLi\Connection.php:306
Stack trace:
#0 C:\xampp\htdocs\phpdevtest-main\system\Database\MySQLi\Connection.php(306): mysqli->query('SELECT `menus`....', 0)
#1 C:\xampp\htdocs\phpdevtest-main\system\Database\BaseConnection.php(692): CodeIgniter\Database\MySQLi\Connection->execute('SELECT `menus`....')
#2 C:\xampp\htdocs\phpdevtest-main\system\Database\BaseConnection.php(606): CodeIgniter\Database\BaseConnection->simpleQuery('SELECT `menus`....')
#3 C:\xampp\htdocs\phpdevtest-main\system\Database\BaseBuilder.php(1616): CodeIgniter\Database\BaseConnection->query('SELECT `menus`....', Array, false)
#4 C:\xampp\htdocs\phpdevtest-main\app\Models\MenuModel.php(19): CodeIgniter\Database\BaseBuilder->get()
#5 C:\xampp\htdocs\phpdevtest-main\app\Controllers\Auth.php(38): App\Models\MenuModel->getUserMenus('1')
#6 C:\xampp\htdocs\phpdevtest-main\system\CodeIgniter.php(915): App\Controllers\Auth->authenticate()
#7 C:\xampp\htdocs\phpdevtest-main\system\CodeIgniter.php(492): CodeIgniter\CodeIgniter->runController(Object(App\Controllers\Auth))
#8 C:\xampp\htdocs\phpdevtest-main\system\CodeIgniter.php(353): CodeIgniter\CodeIgniter->handleRequest(NULL, Object(Config\Cache), false)
#9 C:\xampp\htdocs\phpdevtest-main\public\index.php(79): CodeIgniter\CodeIgniter->run()
#10 C:\xampp\htdocs\phpdevtest-main\system\Commands\Server\rewrite.php(47): require_once('C:\\xampp\\htdocs...')
#11 {main}
CRITICAL - 2024-07-12 09:30:39 --> Table 'db_devphp.menus' doesn't exist
in SYSTEMPATH\Database\BaseConnection.php on line 646.
 1 SYSTEMPATH\Database\BaseBuilder.php(1616): CodeIgniter\Database\BaseConnection->query('SELECT `menus`.`id`, `menus`.`title`, `menus`.`url`, `menus`.`icon`
FROM `user_menus`
JOIN `menus` ON `user_menus`.`menu_id` = `menus`.`id`
WHERE `user_menus`.`user_id` = :user_menus.user_id:', [...], false)
 2 APPPATH\Models\MenuModel.php(19): CodeIgniter\Database\BaseBuilder->get()
 3 APPPATH\Controllers\Auth.php(38): App\Models\MenuModel->getUserMenus('1')
 4 SYSTEMPATH\CodeIgniter.php(915): App\Controllers\Auth->authenticate()
 5 SYSTEMPATH\CodeIgniter.php(492): CodeIgniter\CodeIgniter->runController(Object(App\Controllers\Auth))
 6 SYSTEMPATH\CodeIgniter.php(353): CodeIgniter\CodeIgniter->handleRequest(null, Object(Config\Cache), false)
 7 FCPATH\index.php(79): CodeIgniter\CodeIgniter->run()
 8 SYSTEMPATH\Commands\Server\rewrite.php(47): require_once('C:\\xampp\\htdocs\\phpdevtest-main\\public\\index.php')
CRITICAL - 2024-07-12 09:33:04 --> Class "App\Models\UserModel" not found
in APPPATH\Controllers\User.php on line 17.
 1 SYSTEMPATH\CodeIgniter.php(915): App\Controllers\User->index()
 2 SYSTEMPATH\CodeIgniter.php(492): CodeIgniter\CodeIgniter->runController(Object(App\Controllers\User))
 3 SYSTEMPATH\CodeIgniter.php(353): CodeIgniter\CodeIgniter->handleRequest(null, Object(Config\Cache), false)
 4 FCPATH\index.php(79): CodeIgniter\CodeIgniter->run()
 5 SYSTEMPATH\Commands\Server\rewrite.php(47): require_once('C:\\xampp\\htdocs\\phpdevtest-main\\public\\index.php')
CRITICAL - 2024-07-12 09:33:05 --> Class "App\Models\UserModel" not found
in APPPATH\Controllers\Dashboard.php on line 18.
 1 SYSTEMPATH\CodeIgniter.php(915): App\Controllers\Dashboard->index()
 2 SYSTEMPATH\CodeIgniter.php(492): CodeIgniter\CodeIgniter->runController(Object(App\Controllers\Dashboard))
 3 SYSTEMPATH\CodeIgniter.php(353): CodeIgniter\CodeIgniter->handleRequest(null, Object(Config\Cache), false)
 4 FCPATH\index.php(79): CodeIgniter\CodeIgniter->run()
 5 SYSTEMPATH\Commands\Server\rewrite.php(47): require_once('C:\\xampp\\htdocs\\phpdevtest-main\\public\\index.php')
CRITICAL - 2024-07-12 09:33:08 --> Class "App\Models\UserModel" not found
in APPPATH\Controllers\Auth.php on line 24.
 1 SYSTEMPATH\CodeIgniter.php(915): App\Controllers\Auth->authenticate()
 2 SYSTEMPATH\CodeIgniter.php(492): CodeIgniter\CodeIgniter->runController(Object(App\Controllers\Auth))
 3 SYSTEMPATH\CodeIgniter.php(353): CodeIgniter\CodeIgniter->handleRequest(null, Object(Config\Cache), false)
 4 FCPATH\index.php(79): CodeIgniter\CodeIgniter->run()
 5 SYSTEMPATH\Commands\Server\rewrite.php(47): require_once('C:\\xampp\\htdocs\\phpdevtest-main\\public\\index.php')
CRITICAL - 2024-07-12 09:44:40 --> Undefined variable $user_role
in APPPATH\Views\_sidebar.php on line 44.
 1 APPPATH\Views\_sidebar.php(44): CodeIgniter\Debug\Exceptions->errorHandler(2, 'Undefined variable $user_role', 'C:\\xampp\\htdocs\\phpdevtest-main\\app\\Views\\_sidebar.php', 44)
 2 APPPATH\Views\user.php(16): include('C:\\xampp\\htdocs\\phpdevtest-main\\app\\Views\\_sidebar.php')
 3 SYSTEMPATH\View\View.php(226): include('C:\\xampp\\htdocs\\phpdevtest-main\\app\\Views\\user.php')
 4 SYSTEMPATH\View\View.php(229): CodeIgniter\View\View->CodeIgniter\View\{closure}()
 5 SYSTEMPATH\Common.php(1178): CodeIgniter\View\View->render('user', [], true)
 6 APPPATH\Controllers\User.php(20): view('user', [...])
 7 SYSTEMPATH\CodeIgniter.php(915): App\Controllers\User->index()
 8 SYSTEMPATH\CodeIgniter.php(492): CodeIgniter\CodeIgniter->runController(Object(App\Controllers\User))
 9 SYSTEMPATH\CodeIgniter.php(353): CodeIgniter\CodeIgniter->handleRequest(null, Object(Config\Cache), false)
10 FCPATH\index.php(79): CodeIgniter\CodeIgniter->run()
11 SYSTEMPATH\Commands\Server\rewrite.php(47): require_once('C:\\xampp\\htdocs\\phpdevtest-main\\public\\index.php')
CRITICAL - 2024-07-12 09:44:42 --> Undefined variable $user_role
in APPPATH\Views\_sidebar.php on line 44.
 1 APPPATH\Views\_sidebar.php(44): CodeIgniter\Debug\Exceptions->errorHandler(2, 'Undefined variable $user_role', 'C:\\xampp\\htdocs\\phpdevtest-main\\app\\Views\\_sidebar.php', 44)
 2 APPPATH\Views\Pegawai.php(15): include('C:\\xampp\\htdocs\\phpdevtest-main\\app\\Views\\_sidebar.php')
 3 SYSTEMPATH\View\View.php(226): include('C:\\xampp\\htdocs\\phpdevtest-main\\app\\Views\\Pegawai.php')
 4 SYSTEMPATH\View\View.php(229): CodeIgniter\View\View->CodeIgniter\View\{closure}()
 5 SYSTEMPATH\Common.php(1178): CodeIgniter\View\View->render('pegawai', [], true)
 6 APPPATH\Controllers\Pegawai.php(20): view('pegawai', [...])
 7 SYSTEMPATH\CodeIgniter.php(915): App\Controllers\Pegawai->index()
 8 SYSTEMPATH\CodeIgniter.php(492): CodeIgniter\CodeIgniter->runController(Object(App\Controllers\Pegawai))
 9 SYSTEMPATH\CodeIgniter.php(353): CodeIgniter\CodeIgniter->handleRequest(null, Object(Config\Cache), false)
10 FCPATH\index.php(79): CodeIgniter\CodeIgniter->run()
11 SYSTEMPATH\Commands\Server\rewrite.php(47): require_once('C:\\xampp\\htdocs\\phpdevtest-main\\public\\index.php')
CRITICAL - 2024-07-12 09:44:43 --> Undefined variable $user_role
in APPPATH\Views\_sidebar.php on line 44.
 1 APPPATH\Views\_sidebar.php(44): CodeIgniter\Debug\Exceptions->errorHandler(2, 'Undefined variable $user_role', 'C:\\xampp\\htdocs\\phpdevtest-main\\app\\Views\\_sidebar.php', 44)
 2 APPPATH\Views\Pegawai.php(15): include('C:\\xampp\\htdocs\\phpdevtest-main\\app\\Views\\_sidebar.php')
 3 SYSTEMPATH\View\View.php(226): include('C:\\xampp\\htdocs\\phpdevtest-main\\app\\Views\\Pegawai.php')
 4 SYSTEMPATH\View\View.php(229): CodeIgniter\View\View->CodeIgniter\View\{closure}()
 5 SYSTEMPATH\Common.php(1178): CodeIgniter\View\View->render('pegawai', [], true)
 6 APPPATH\Controllers\Pegawai.php(20): view('pegawai', [...])
 7 SYSTEMPATH\CodeIgniter.php(915): App\Controllers\Pegawai->index()
 8 SYSTEMPATH\CodeIgniter.php(492): CodeIgniter\CodeIgniter->runController(Object(App\Controllers\Pegawai))
 9 SYSTEMPATH\CodeIgniter.php(353): CodeIgniter\CodeIgniter->handleRequest(null, Object(Config\Cache), false)
10 FCPATH\index.php(79): CodeIgniter\CodeIgniter->run()
11 SYSTEMPATH\Commands\Server\rewrite.php(47): require_once('C:\\xampp\\htdocs\\phpdevtest-main\\public\\index.php')
CRITICAL - 2024-07-12 09:44:59 --> Undefined variable $user_role
in APPPATH\Views\_sidebar.php on line 44.
 1 APPPATH\Views\_sidebar.php(44): CodeIgniter\Debug\Exceptions->errorHandler(2, 'Undefined variable $user_role', 'C:\\xampp\\htdocs\\phpdevtest-main\\app\\Views\\_sidebar.php', 44)
 2 APPPATH\Views\Pegawai.php(15): include('C:\\xampp\\htdocs\\phpdevtest-main\\app\\Views\\_sidebar.php')
 3 SYSTEMPATH\View\View.php(226): include('C:\\xampp\\htdocs\\phpdevtest-main\\app\\Views\\Pegawai.php')
 4 SYSTEMPATH\View\View.php(229): CodeIgniter\View\View->CodeIgniter\View\{closure}()
 5 SYSTEMPATH\Common.php(1178): CodeIgniter\View\View->render('pegawai', [], true)
 6 APPPATH\Controllers\Pegawai.php(20): view('pegawai', [...])
 7 SYSTEMPATH\CodeIgniter.php(915): App\Controllers\Pegawai->index()
 8 SYSTEMPATH\CodeIgniter.php(492): CodeIgniter\CodeIgniter->runController(Object(App\Controllers\Pegawai))
 9 SYSTEMPATH\CodeIgniter.php(353): CodeIgniter\CodeIgniter->handleRequest(null, Object(Config\Cache), false)
10 FCPATH\index.php(79): CodeIgniter\CodeIgniter->run()
11 SYSTEMPATH\Commands\Server\rewrite.php(47): require_once('C:\\xampp\\htdocs\\phpdevtest-main\\public\\index.php')
CRITICAL - 2024-07-12 09:45:01 --> Undefined variable $user_role
in APPPATH\Views\_sidebar.php on line 44.
 1 APPPATH\Views\_sidebar.php(44): CodeIgniter\Debug\Exceptions->errorHandler(2, 'Undefined variable $user_role', 'C:\\xampp\\htdocs\\phpdevtest-main\\app\\Views\\_sidebar.php', 44)
 2 APPPATH\Views\user.php(16): include('C:\\xampp\\htdocs\\phpdevtest-main\\app\\Views\\_sidebar.php')
 3 SYSTEMPATH\View\View.php(226): include('C:\\xampp\\htdocs\\phpdevtest-main\\app\\Views\\user.php')
 4 SYSTEMPATH\View\View.php(229): CodeIgniter\View\View->CodeIgniter\View\{closure}()
 5 SYSTEMPATH\Common.php(1178): CodeIgniter\View\View->render('user', [], true)
 6 APPPATH\Controllers\User.php(20): view('user', [...])
 7 SYSTEMPATH\CodeIgniter.php(915): App\Controllers\User->index()
 8 SYSTEMPATH\CodeIgniter.php(492): CodeIgniter\CodeIgniter->runController(Object(App\Controllers\User))
 9 SYSTEMPATH\CodeIgniter.php(353): CodeIgniter\CodeIgniter->handleRequest(null, Object(Config\Cache), false)
10 FCPATH\index.php(79): CodeIgniter\CodeIgniter->run()
11 SYSTEMPATH\Commands\Server\rewrite.php(47): require_once('C:\\xampp\\htdocs\\phpdevtest-main\\public\\index.php')
CRITICAL - 2024-07-12 09:45:01 --> Undefined variable $user_role
in APPPATH\Views\_sidebar.php on line 44.
 1 APPPATH\Views\_sidebar.php(44): CodeIgniter\Debug\Exceptions->errorHandler(2, 'Undefined variable $user_role', 'C:\\xampp\\htdocs\\phpdevtest-main\\app\\Views\\_sidebar.php', 44)
 2 APPPATH\Views\Dashboard.php(14): include('C:\\xampp\\htdocs\\phpdevtest-main\\app\\Views\\_sidebar.php')
 3 SYSTEMPATH\View\View.php(226): include('C:\\xampp\\htdocs\\phpdevtest-main\\app\\Views\\Dashboard.php')
 4 SYSTEMPATH\View\View.php(229): CodeIgniter\View\View->CodeIgniter\View\{closure}()
 5 SYSTEMPATH\Common.php(1178): CodeIgniter\View\View->render('dashboard', [], true)
 6 APPPATH\Controllers\Dashboard.php(29): view('dashboard', [...])
 7 SYSTEMPATH\CodeIgniter.php(915): App\Controllers\Dashboard->index()
 8 SYSTEMPATH\CodeIgniter.php(492): CodeIgniter\CodeIgniter->runController(Object(App\Controllers\Dashboard))
 9 SYSTEMPATH\CodeIgniter.php(353): CodeIgniter\CodeIgniter->handleRequest(null, Object(Config\Cache), false)
10 FCPATH\index.php(79): CodeIgniter\CodeIgniter->run()
11 SYSTEMPATH\Commands\Server\rewrite.php(47): require_once('C:\\xampp\\htdocs\\phpdevtest-main\\public\\index.php')
CRITICAL - 2024-07-12 09:46:58 --> Undefined variable $user_role
in APPPATH\Views\_sidebar.php on line 44.
 1 APPPATH\Views\_sidebar.php(44): CodeIgniter\Debug\Exceptions->errorHandler(2, 'Undefined variable $user_role', 'C:\\xampp\\htdocs\\phpdevtest-main\\app\\Views\\_sidebar.php', 44)
 2 APPPATH\Views\Dashboard.php(14): include('C:\\xampp\\htdocs\\phpdevtest-main\\app\\Views\\_sidebar.php')
 3 SYSTEMPATH\View\View.php(226): include('C:\\xampp\\htdocs\\phpdevtest-main\\app\\Views\\Dashboard.php')
 4 SYSTEMPATH\View\View.php(229): CodeIgniter\View\View->CodeIgniter\View\{closure}()
 5 SYSTEMPATH\Common.php(1178): CodeIgniter\View\View->render('dashboard', [], true)
 6 APPPATH\Controllers\Dashboard.php(29): view('dashboard', [...])
 7 SYSTEMPATH\CodeIgniter.php(915): App\Controllers\Dashboard->index()
 8 SYSTEMPATH\CodeIgniter.php(492): CodeIgniter\CodeIgniter->runController(Object(App\Controllers\Dashboard))
 9 SYSTEMPATH\CodeIgniter.php(353): CodeIgniter\CodeIgniter->handleRequest(null, Object(Config\Cache), false)
10 FCPATH\index.php(79): CodeIgniter\CodeIgniter->run()
11 SYSTEMPATH\Commands\Server\rewrite.php(47): require_once('C:\\xampp\\htdocs\\phpdevtest-main\\public\\index.php')
CRITICAL - 2024-07-12 09:50:03 --> Undefined variable $user_role
in APPPATH\Views\_sidebar.php on line 44.
 1 APPPATH\Views\_sidebar.php(44): CodeIgniter\Debug\Exceptions->errorHandler(2, 'Undefined variable $user_role', 'C:\\xampp\\htdocs\\phpdevtest-main\\app\\Views\\_sidebar.php', 44)
 2 APPPATH\Views\user.php(16): include('C:\\xampp\\htdocs\\phpdevtest-main\\app\\Views\\_sidebar.php')
 3 SYSTEMPATH\View\View.php(226): include('C:\\xampp\\htdocs\\phpdevtest-main\\app\\Views\\user.php')
 4 SYSTEMPATH\View\View.php(229): CodeIgniter\View\View->CodeIgniter\View\{closure}()
 5 SYSTEMPATH\Common.php(1178): CodeIgniter\View\View->render('user', [], true)
 6 APPPATH\Controllers\User.php(20): view('user', [...])
 7 SYSTEMPATH\CodeIgniter.php(915): App\Controllers\User->index()
 8 SYSTEMPATH\CodeIgniter.php(492): CodeIgniter\CodeIgniter->runController(Object(App\Controllers\User))
 9 SYSTEMPATH\CodeIgniter.php(353): CodeIgniter\CodeIgniter->handleRequest(null, Object(Config\Cache), false)
10 FCPATH\index.php(79): CodeIgniter\CodeIgniter->run()
11 SYSTEMPATH\Commands\Server\rewrite.php(47): require_once('C:\\xampp\\htdocs\\phpdevtest-main\\public\\index.php')
CRITICAL - 2024-07-12 09:50:05 --> Undefined variable $user_role
in APPPATH\Views\_sidebar.php on line 44.
 1 APPPATH\Views\_sidebar.php(44): CodeIgniter\Debug\Exceptions->errorHandler(2, 'Undefined variable $user_role', 'C:\\xampp\\htdocs\\phpdevtest-main\\app\\Views\\_sidebar.php', 44)
 2 APPPATH\Views\Dashboard.php(14): include('C:\\xampp\\htdocs\\phpdevtest-main\\app\\Views\\_sidebar.php')
 3 SYSTEMPATH\View\View.php(226): include('C:\\xampp\\htdocs\\phpdevtest-main\\app\\Views\\Dashboard.php')
 4 SYSTEMPATH\View\View.php(229): CodeIgniter\View\View->CodeIgniter\View\{closure}()
 5 SYSTEMPATH\Common.php(1178): CodeIgniter\View\View->render('dashboard', [], true)
 6 APPPATH\Controllers\Dashboard.php(29): view('dashboard', [...])
 7 SYSTEMPATH\CodeIgniter.php(915): App\Controllers\Dashboard->index()
 8 SYSTEMPATH\CodeIgniter.php(492): CodeIgniter\CodeIgniter->runController(Object(App\Controllers\Dashboard))
 9 SYSTEMPATH\CodeIgniter.php(353): CodeIgniter\CodeIgniter->handleRequest(null, Object(Config\Cache), false)
10 FCPATH\index.php(79): CodeIgniter\CodeIgniter->run()
11 SYSTEMPATH\Commands\Server\rewrite.php(47): require_once('C:\\xampp\\htdocs\\phpdevtest-main\\public\\index.php')
CRITICAL - 2024-07-12 09:50:06 --> Undefined variable $user_role
in APPPATH\Views\_sidebar.php on line 44.
 1 APPPATH\Views\_sidebar.php(44): CodeIgniter\Debug\Exceptions->errorHandler(2, 'Undefined variable $user_role', 'C:\\xampp\\htdocs\\phpdevtest-main\\app\\Views\\_sidebar.php', 44)
 2 APPPATH\Views\Pegawai.php(15): include('C:\\xampp\\htdocs\\phpdevtest-main\\app\\Views\\_sidebar.php')
 3 SYSTEMPATH\View\View.php(226): include('C:\\xampp\\htdocs\\phpdevtest-main\\app\\Views\\Pegawai.php')
 4 SYSTEMPATH\View\View.php(229): CodeIgniter\View\View->CodeIgniter\View\{closure}()
 5 SYSTEMPATH\Common.php(1178): CodeIgniter\View\View->render('pegawai', [], true)
 6 APPPATH\Controllers\Pegawai.php(20): view('pegawai', [...])
 7 SYSTEMPATH\CodeIgniter.php(915): App\Controllers\Pegawai->index()
 8 SYSTEMPATH\CodeIgniter.php(492): CodeIgniter\CodeIgniter->runController(Object(App\Controllers\Pegawai))
 9 SYSTEMPATH\CodeIgniter.php(353): CodeIgniter\CodeIgniter->handleRequest(null, Object(Config\Cache), false)
10 FCPATH\index.php(79): CodeIgniter\CodeIgniter->run()
11 SYSTEMPATH\Commands\Server\rewrite.php(47): require_once('C:\\xampp\\htdocs\\phpdevtest-main\\public\\index.php')
CRITICAL - 2024-07-12 09:50:07 --> Undefined variable $user_role
in APPPATH\Views\_sidebar.php on line 44.
 1 APPPATH\Views\_sidebar.php(44): CodeIgniter\Debug\Exceptions->errorHandler(2, 'Undefined variable $user_role', 'C:\\xampp\\htdocs\\phpdevtest-main\\app\\Views\\_sidebar.php', 44)
 2 APPPATH\Views\Dashboard.php(14): include('C:\\xampp\\htdocs\\phpdevtest-main\\app\\Views\\_sidebar.php')
 3 SYSTEMPATH\View\View.php(226): include('C:\\xampp\\htdocs\\phpdevtest-main\\app\\Views\\Dashboard.php')
 4 SYSTEMPATH\View\View.php(229): CodeIgniter\View\View->CodeIgniter\View\{closure}()
 5 SYSTEMPATH\Common.php(1178): CodeIgniter\View\View->render('dashboard', [], true)
 6 APPPATH\Controllers\Dashboard.php(29): view('dashboard', [...])
 7 SYSTEMPATH\CodeIgniter.php(915): App\Controllers\Dashboard->index()
 8 SYSTEMPATH\CodeIgniter.php(492): CodeIgniter\CodeIgniter->runController(Object(App\Controllers\Dashboard))
 9 SYSTEMPATH\CodeIgniter.php(353): CodeIgniter\CodeIgniter->handleRequest(null, Object(Config\Cache), false)
10 FCPATH\index.php(79): CodeIgniter\CodeIgniter->run()
11 SYSTEMPATH\Commands\Server\rewrite.php(47): require_once('C:\\xampp\\htdocs\\phpdevtest-main\\public\\index.php')
CRITICAL - 2024-07-12 09:50:08 --> Undefined variable $user_role
in APPPATH\Views\_sidebar.php on line 44.
 1 APPPATH\Views\_sidebar.php(44): CodeIgniter\Debug\Exceptions->errorHandler(2, 'Undefined variable $user_role', 'C:\\xampp\\htdocs\\phpdevtest-main\\app\\Views\\_sidebar.php', 44)
 2 APPPATH\Views\Pegawai.php(15): include('C:\\xampp\\htdocs\\phpdevtest-main\\app\\Views\\_sidebar.php')
 3 SYSTEMPATH\View\View.php(226): include('C:\\xampp\\htdocs\\phpdevtest-main\\app\\Views\\Pegawai.php')
 4 SYSTEMPATH\View\View.php(229): CodeIgniter\View\View->CodeIgniter\View\{closure}()
 5 SYSTEMPATH\Common.php(1178): CodeIgniter\View\View->render('pegawai', [], true)
 6 APPPATH\Controllers\Pegawai.php(20): view('pegawai', [...])
 7 SYSTEMPATH\CodeIgniter.php(915): App\Controllers\Pegawai->index()
 8 SYSTEMPATH\CodeIgniter.php(492): CodeIgniter\CodeIgniter->runController(Object(App\Controllers\Pegawai))
 9 SYSTEMPATH\CodeIgniter.php(353): CodeIgniter\CodeIgniter->handleRequest(null, Object(Config\Cache), false)
10 FCPATH\index.php(79): CodeIgniter\CodeIgniter->run()
11 SYSTEMPATH\Commands\Server\rewrite.php(47): require_once('C:\\xampp\\htdocs\\phpdevtest-main\\public\\index.php')
CRITICAL - 2024-07-12 09:50:46 --> Undefined variable $user_role
in APPPATH\Views\_sidebar.php on line 44.
 1 APPPATH\Views\_sidebar.php(44): CodeIgniter\Debug\Exceptions->errorHandler(2, 'Undefined variable $user_role', 'C:\\xampp\\htdocs\\phpdevtest-main\\app\\Views\\_sidebar.php', 44)
 2 APPPATH\Views\user.php(16): include('C:\\xampp\\htdocs\\phpdevtest-main\\app\\Views\\_sidebar.php')
 3 SYSTEMPATH\View\View.php(226): include('C:\\xampp\\htdocs\\phpdevtest-main\\app\\Views\\user.php')
 4 SYSTEMPATH\View\View.php(229): CodeIgniter\View\View->CodeIgniter\View\{closure}()
 5 SYSTEMPATH\Common.php(1178): CodeIgniter\View\View->render('user', [], true)
 6 APPPATH\Controllers\User.php(20): view('user', [...])
 7 SYSTEMPATH\CodeIgniter.php(915): App\Controllers\User->index()
 8 SYSTEMPATH\CodeIgniter.php(492): CodeIgniter\CodeIgniter->runController(Object(App\Controllers\User))
 9 SYSTEMPATH\CodeIgniter.php(353): CodeIgniter\CodeIgniter->handleRequest(null, Object(Config\Cache), false)
10 FCPATH\index.php(79): CodeIgniter\CodeIgniter->run()
11 SYSTEMPATH\Commands\Server\rewrite.php(47): require_once('C:\\xampp\\htdocs\\phpdevtest-main\\public\\index.php')
CRITICAL - 2024-07-12 09:50:47 --> Undefined variable $user_role
in APPPATH\Views\_sidebar.php on line 44.
 1 APPPATH\Views\_sidebar.php(44): CodeIgniter\Debug\Exceptions->errorHandler(2, 'Undefined variable $user_role', 'C:\\xampp\\htdocs\\phpdevtest-main\\app\\Views\\_sidebar.php', 44)
 2 APPPATH\Views\Dashboard.php(14): include('C:\\xampp\\htdocs\\phpdevtest-main\\app\\Views\\_sidebar.php')
 3 SYSTEMPATH\View\View.php(226): include('C:\\xampp\\htdocs\\phpdevtest-main\\app\\Views\\Dashboard.php')
 4 SYSTEMPATH\View\View.php(229): CodeIgniter\View\View->CodeIgniter\View\{closure}()
 5 SYSTEMPATH\Common.php(1178): CodeIgniter\View\View->render('dashboard', [], true)
 6 APPPATH\Controllers\Dashboard.php(29): view('dashboard', [...])
 7 SYSTEMPATH\CodeIgniter.php(915): App\Controllers\Dashboard->index()
 8 SYSTEMPATH\CodeIgniter.php(492): CodeIgniter\CodeIgniter->runController(Object(App\Controllers\Dashboard))
 9 SYSTEMPATH\CodeIgniter.php(353): CodeIgniter\CodeIgniter->handleRequest(null, Object(Config\Cache), false)
10 FCPATH\index.php(79): CodeIgniter\CodeIgniter->run()
11 SYSTEMPATH\Commands\Server\rewrite.php(47): require_once('C:\\xampp\\htdocs\\phpdevtest-main\\public\\index.php')
CRITICAL - 2024-07-12 09:50:49 --> Undefined variable $user_role
in APPPATH\Views\_sidebar.php on line 44.
 1 APPPATH\Views\_sidebar.php(44): CodeIgniter\Debug\Exceptions->errorHandler(2, 'Undefined variable $user_role', 'C:\\xampp\\htdocs\\phpdevtest-main\\app\\Views\\_sidebar.php', 44)
 2 APPPATH\Views\Dashboard.php(14): include('C:\\xampp\\htdocs\\phpdevtest-main\\app\\Views\\_sidebar.php')
 3 SYSTEMPATH\View\View.php(226): include('C:\\xampp\\htdocs\\phpdevtest-main\\app\\Views\\Dashboard.php')
 4 SYSTEMPATH\View\View.php(229): CodeIgniter\View\View->CodeIgniter\View\{closure}()
 5 SYSTEMPATH\Common.php(1178): CodeIgniter\View\View->render('dashboard', [], true)
 6 APPPATH\Controllers\Dashboard.php(29): view('dashboard', [...])
 7 SYSTEMPATH\CodeIgniter.php(915): App\Controllers\Dashboard->index()
 8 SYSTEMPATH\CodeIgniter.php(492): CodeIgniter\CodeIgniter->runController(Object(App\Controllers\Dashboard))
 9 SYSTEMPATH\CodeIgniter.php(353): CodeIgniter\CodeIgniter->handleRequest(null, Object(Config\Cache), false)
10 FCPATH\index.php(79): CodeIgniter\CodeIgniter->run()
11 SYSTEMPATH\Commands\Server\rewrite.php(47): require_once('C:\\xampp\\htdocs\\phpdevtest-main\\public\\index.php')
CRITICAL - 2024-07-12 09:51:49 --> Undefined variable $user_role
in APPPATH\Views\_sidebar.php on line 44.
 1 APPPATH\Views\_sidebar.php(44): CodeIgniter\Debug\Exceptions->errorHandler(2, 'Undefined variable $user_role', 'C:\\xampp\\htdocs\\phpdevtest-main\\app\\Views\\_sidebar.php', 44)
 2 APPPATH\Views\Dashboard.php(14): include('C:\\xampp\\htdocs\\phpdevtest-main\\app\\Views\\_sidebar.php')
 3 SYSTEMPATH\View\View.php(226): include('C:\\xampp\\htdocs\\phpdevtest-main\\app\\Views\\Dashboard.php')
 4 SYSTEMPATH\View\View.php(229): CodeIgniter\View\View->CodeIgniter\View\{closure}()
 5 SYSTEMPATH\Common.php(1178): CodeIgniter\View\View->render('dashboard', [], true)
 6 APPPATH\Controllers\Dashboard.php(29): view('dashboard', [...])
 7 SYSTEMPATH\CodeIgniter.php(915): App\Controllers\Dashboard->index()
 8 SYSTEMPATH\CodeIgniter.php(492): CodeIgniter\CodeIgniter->runController(Object(App\Controllers\Dashboard))
 9 SYSTEMPATH\CodeIgniter.php(353): CodeIgniter\CodeIgniter->handleRequest(null, Object(Config\Cache), false)
10 FCPATH\index.php(79): CodeIgniter\CodeIgniter->run()
11 SYSTEMPATH\Commands\Server\rewrite.php(47): require_once('C:\\xampp\\htdocs\\phpdevtest-main\\public\\index.php')
CRITICAL - 2024-07-12 09:51:56 --> Undefined variable $user_role
in APPPATH\Views\_sidebar.php on line 44.
 1 APPPATH\Views\_sidebar.php(44): CodeIgniter\Debug\Exceptions->errorHandler(2, 'Undefined variable $user_role', 'C:\\xampp\\htdocs\\phpdevtest-main\\app\\Views\\_sidebar.php', 44)
 2 APPPATH\Views\Dashboard.php(14): include('C:\\xampp\\htdocs\\phpdevtest-main\\app\\Views\\_sidebar.php')
 3 SYSTEMPATH\View\View.php(226): include('C:\\xampp\\htdocs\\phpdevtest-main\\app\\Views\\Dashboard.php')
 4 SYSTEMPATH\View\View.php(229): CodeIgniter\View\View->CodeIgniter\View\{closure}()
 5 SYSTEMPATH\Common.php(1178): CodeIgniter\View\View->render('dashboard', [], true)
 6 APPPATH\Controllers\Dashboard.php(29): view('dashboard', [...])
 7 SYSTEMPATH\CodeIgniter.php(915): App\Controllers\Dashboard->index()
 8 SYSTEMPATH\CodeIgniter.php(492): CodeIgniter\CodeIgniter->runController(Object(App\Controllers\Dashboard))
 9 SYSTEMPATH\CodeIgniter.php(353): CodeIgniter\CodeIgniter->handleRequest(null, Object(Config\Cache), false)
10 FCPATH\index.php(79): CodeIgniter\CodeIgniter->run()
11 SYSTEMPATH\Commands\Server\rewrite.php(47): require_once('C:\\xampp\\htdocs\\phpdevtest-main\\public\\index.php')
CRITICAL - 2024-07-12 09:53:12 --> Undefined variable $user_role
in APPPATH\Views\_sidebar.php on line 44.
 1 APPPATH\Views\_sidebar.php(44): CodeIgniter\Debug\Exceptions->errorHandler(2, 'Undefined variable $user_role', 'C:\\xampp\\htdocs\\phpdevtest-main\\app\\Views\\_sidebar.php', 44)
 2 APPPATH\Views\Dashboard.php(14): include('C:\\xampp\\htdocs\\phpdevtest-main\\app\\Views\\_sidebar.php')
 3 SYSTEMPATH\View\View.php(226): include('C:\\xampp\\htdocs\\phpdevtest-main\\app\\Views\\Dashboard.php')
 4 SYSTEMPATH\View\View.php(229): CodeIgniter\View\View->CodeIgniter\View\{closure}()
 5 SYSTEMPATH\Common.php(1178): CodeIgniter\View\View->render('dashboard', [], true)
 6 APPPATH\Controllers\Dashboard.php(29): view('dashboard', [...])
 7 SYSTEMPATH\CodeIgniter.php(915): App\Controllers\Dashboard->index()
 8 SYSTEMPATH\CodeIgniter.php(492): CodeIgniter\CodeIgniter->runController(Object(App\Controllers\Dashboard))
 9 SYSTEMPATH\CodeIgniter.php(353): CodeIgniter\CodeIgniter->handleRequest(null, Object(Config\Cache), false)
10 FCPATH\index.php(79): CodeIgniter\CodeIgniter->run()
11 SYSTEMPATH\Commands\Server\rewrite.php(47): require_once('C:\\xampp\\htdocs\\phpdevtest-main\\public\\index.php')
CRITICAL - 2024-07-12 09:54:52 --> Undefined variable $session
in APPPATH\Views\_sidebar.php on line 12.
 1 APPPATH\Views\_sidebar.php(12): CodeIgniter\Debug\Exceptions->errorHandler(2, 'Undefined variable $session', 'C:\\xampp\\htdocs\\phpdevtest-main\\app\\Views\\_sidebar.php', 12)
 2 APPPATH\Views\Dashboard.php(14): include('C:\\xampp\\htdocs\\phpdevtest-main\\app\\Views\\_sidebar.php')
 3 SYSTEMPATH\View\View.php(226): include('C:\\xampp\\htdocs\\phpdevtest-main\\app\\Views\\Dashboard.php')
 4 SYSTEMPATH\View\View.php(229): CodeIgniter\View\View->CodeIgniter\View\{closure}()
 5 SYSTEMPATH\Common.php(1178): CodeIgniter\View\View->render('dashboard', [], true)
 6 APPPATH\Controllers\Dashboard.php(29): view('dashboard', [...])
 7 SYSTEMPATH\CodeIgniter.php(915): App\Controllers\Dashboard->index()
 8 SYSTEMPATH\CodeIgniter.php(492): CodeIgniter\CodeIgniter->runController(Object(App\Controllers\Dashboard))
 9 SYSTEMPATH\CodeIgniter.php(353): CodeIgniter\CodeIgniter->handleRequest(null, Object(Config\Cache), false)
10 FCPATH\index.php(79): CodeIgniter\CodeIgniter->run()
11 SYSTEMPATH\Commands\Server\rewrite.php(47): require_once('C:\\xampp\\htdocs\\phpdevtest-main\\public\\index.php')
CRITICAL - 2024-07-12 09:55:07 --> Undefined variable $session
in APPPATH\Views\_sidebar.php on line 12.
 1 APPPATH\Views\_sidebar.php(12): CodeIgniter\Debug\Exceptions->errorHandler(2, 'Undefined variable $session', 'C:\\xampp\\htdocs\\phpdevtest-main\\app\\Views\\_sidebar.php', 12)
 2 APPPATH\Views\Dashboard.php(14): include('C:\\xampp\\htdocs\\phpdevtest-main\\app\\Views\\_sidebar.php')
 3 SYSTEMPATH\View\View.php(226): include('C:\\xampp\\htdocs\\phpdevtest-main\\app\\Views\\Dashboard.php')
 4 SYSTEMPATH\View\View.php(229): CodeIgniter\View\View->CodeIgniter\View\{closure}()
 5 SYSTEMPATH\Common.php(1178): CodeIgniter\View\View->render('dashboard', [], true)
 6 APPPATH\Controllers\Dashboard.php(29): view('dashboard', [...])
 7 SYSTEMPATH\CodeIgniter.php(915): App\Controllers\Dashboard->index()
 8 SYSTEMPATH\CodeIgniter.php(492): CodeIgniter\CodeIgniter->runController(Object(App\Controllers\Dashboard))
 9 SYSTEMPATH\CodeIgniter.php(353): CodeIgniter\CodeIgniter->handleRequest(null, Object(Config\Cache), false)
10 FCPATH\index.php(79): CodeIgniter\CodeIgniter->run()
11 SYSTEMPATH\Commands\Server\rewrite.php(47): require_once('C:\\xampp\\htdocs\\phpdevtest-main\\public\\index.php')
CRITICAL - 2024-07-12 09:55:27 --> Undefined variable $session
in APPPATH\Views\_sidebar.php on line 12.
 1 APPPATH\Views\_sidebar.php(12): CodeIgniter\Debug\Exceptions->errorHandler(2, 'Undefined variable $session', 'C:\\xampp\\htdocs\\phpdevtest-main\\app\\Views\\_sidebar.php', 12)
 2 APPPATH\Views\Dashboard.php(14): include('C:\\xampp\\htdocs\\phpdevtest-main\\app\\Views\\_sidebar.php')
 3 SYSTEMPATH\View\View.php(226): include('C:\\xampp\\htdocs\\phpdevtest-main\\app\\Views\\Dashboard.php')
 4 SYSTEMPATH\View\View.php(229): CodeIgniter\View\View->CodeIgniter\View\{closure}()
 5 SYSTEMPATH\Common.php(1178): CodeIgniter\View\View->render('dashboard', [], true)
 6 APPPATH\Controllers\Dashboard.php(29): view('dashboard', [...])
 7 SYSTEMPATH\CodeIgniter.php(915): App\Controllers\Dashboard->index()
 8 SYSTEMPATH\CodeIgniter.php(492): CodeIgniter\CodeIgniter->runController(Object(App\Controllers\Dashboard))
 9 SYSTEMPATH\CodeIgniter.php(353): CodeIgniter\CodeIgniter->handleRequest(null, Object(Config\Cache), false)
10 FCPATH\index.php(79): CodeIgniter\CodeIgniter->run()
11 SYSTEMPATH\Commands\Server\rewrite.php(47): require_once('C:\\xampp\\htdocs\\phpdevtest-main\\public\\index.php')
CRITICAL - 2024-07-12 09:56:16 --> Undefined variable $session
in APPPATH\Views\_sidebar.php on line 46.
 1 APPPATH\Views\_sidebar.php(46): CodeIgniter\Debug\Exceptions->errorHandler(2, 'Undefined variable $session', 'C:\\xampp\\htdocs\\phpdevtest-main\\app\\Views\\_sidebar.php', 46)
 2 APPPATH\Views\Dashboard.php(14): include('C:\\xampp\\htdocs\\phpdevtest-main\\app\\Views\\_sidebar.php')
 3 SYSTEMPATH\View\View.php(226): include('C:\\xampp\\htdocs\\phpdevtest-main\\app\\Views\\Dashboard.php')
 4 SYSTEMPATH\View\View.php(229): CodeIgniter\View\View->CodeIgniter\View\{closure}()
 5 SYSTEMPATH\Common.php(1178): CodeIgniter\View\View->render('dashboard', [], true)
 6 APPPATH\Controllers\Dashboard.php(29): view('dashboard', [...])
 7 SYSTEMPATH\CodeIgniter.php(915): App\Controllers\Dashboard->index()
 8 SYSTEMPATH\CodeIgniter.php(492): CodeIgniter\CodeIgniter->runController(Object(App\Controllers\Dashboard))
 9 SYSTEMPATH\CodeIgniter.php(353): CodeIgniter\CodeIgniter->handleRequest(null, Object(Config\Cache), false)
10 FCPATH\index.php(79): CodeIgniter\CodeIgniter->run()
11 SYSTEMPATH\Commands\Server\rewrite.php(47): require_once('C:\\xampp\\htdocs\\phpdevtest-main\\public\\index.php')
